Starting job 442394 on c1-28 at Fri Mar 1 21:58:15 CET 2024

Traceback (most recent call last):
  File "/fp/homes01/u01/ec-gertwk/ALPs_with_SWYFT/cluster_runs/analysis_results/first/simulate_batch.py", line 33, in <module>
    sim = ALP_SWYFT_Simulator(A, bounds)
NameError: name 'A' is not defined

Task and CPU usage stats:
JobID           JobName  AllocCPUS   NTasks     MinCPU MinCPUTask     AveCPU    Elapsed ExitCode 
------------ ---------- ---------- -------- ---------- ---------- ---------- ---------- -------- 
442394       ALP_simul+          1                                             00:00:16      1:0 
442394.batch      batch          1        1   00:00:05          0   00:00:05   00:00:16      1:0 
442394.exte+     extern          1        1   00:00:00          0   00:00:00   00:00:16      0:0 

Memory usage stats:
JobID            MaxRSS MaxRSSTask     AveRSS MaxPages   MaxPagesTask   AvePages 
------------ ---------- ---------- ---------- -------- -------------- ---------- 
442394                                                                           
442394.batch     24488K          0     24488K        0              0          0 
442394.exte+       200K          0       200K        0              0          0 

Disk usage stats:
JobID         MaxDiskRead MaxDiskReadTask    AveDiskRead MaxDiskWrite MaxDiskWriteTask   AveDiskWrite 
------------ ------------ --------------- -------------- ------------ ---------------- -------------- 
442394                                                                                                
442394.batch            0               0              0        0.00M                0          0.00M 
442394.exte+        0.01M               0          0.01M        0.00M                0          0.00M 

Job 442394 completed at Fri Mar 1 21:58:32 CET 2024
