Starting job 441704 on c1-28 at Fri Mar 1 15:35:38 CET 2024

Traceback (most recent call last):
  File "/fp/homes01/u01/ec-gertwk/ALPs_with_SWYFT/cluster_runs/analysis_results/first/simulate_batch.py", line 40, in <module>
    shapes=sim.get_shapes_and_dtypes()[0],
  File "/fp/homes01/u01/ec-gertwk/ALPs_with_SWYFT/swyft/swyft/lightning/simulator.py", line 314, in get_shapes_and_dtypes
    sample = self.sample(targets=targets)
  File "/fp/homes01/u01/ec-gertwk/ALPs_with_SWYFT/swyft/swyft/lightning/simulator.py", line 338, in sample
    return Sample(self._run(targets, conditions))
  File "/fp/homes01/u01/ec-gertwk/ALPs_with_SWYFT/swyft/swyft/lightning/simulator.py", line 300, in _run
    self.graph[target].evaluate(trace)
  File "/fp/homes01/u01/ec-gertwk/ALPs_with_SWYFT/swyft/swyft/lightning/simulator.py", line 131, in evaluate
    result = self._fn(*args)
  File "/fp/homes01/u01/ec-gertwk/ALPs_with_SWYFT/cluster_runs/analysis_results/first/alp_swyft_simulator.py", line 78, in generate_exp
    exp = self.A.simulate(vec)['y']
  File "/fp/homes01/u01/ec-gertwk/ALPs_with_SWYFT/cluster_runs/analysis_results/first/ALP_quick_sim.py", line 764, in model
    new_params[mask] = 10.**np.array(params)[mask]
IndexError: boolean index did not match indexed array along dimension 0; dimension is 1 but corresponding boolean dimension is 18

Task and CPU usage stats:
JobID           JobName  AllocCPUS   NTasks     MinCPU MinCPUTask     AveCPU    Elapsed ExitCode 
------------ ---------- ---------- -------- ---------- ---------- ---------- ---------- -------- 
441704       ALP_simul+          1                                             00:00:23      1:0 
441704.batch      batch          1        1   00:00:05          0   00:00:05   00:00:23      1:0 
441704.exte+     extern          1        1   00:00:00          0   00:00:00   00:00:23      0:0 

Memory usage stats:
JobID            MaxRSS MaxRSSTask     AveRSS MaxPages   MaxPagesTask   AvePages 
------------ ---------- ---------- ---------- -------- -------------- ---------- 
441704                                                                           
441704.batch     20768K          0     20768K        0              0          0 
441704.exte+          0          0          0        0              0          0 

Disk usage stats:
JobID         MaxDiskRead MaxDiskReadTask    AveDiskRead MaxDiskWrite MaxDiskWriteTask   AveDiskWrite 
------------ ------------ --------------- -------------- ------------ ---------------- -------------- 
441704                                                                                                
441704.batch            0               0              0        0.00M                0          0.00M 
441704.exte+        0.01M               0          0.01M        0.00M                0          0.00M 

Job 441704 completed at Fri Mar 1 15:36:00 CET 2024
