Starting job 441693 on c1-28 at Fri Mar 1 15:29:10 CET 2024

Traceback (most recent call last):
  File "/fp/homes01/u01/ec-gertwk/ALPs_with_SWYFT/cluster_runs/analysis_results/first/simulate_batch.py", line 35, in <module>
    store = swyft.ZarrStore(args.path + "/sim_output/store/" + store_name)
NameError: name 'store_name' is not defined

Task and CPU usage stats:
JobID           JobName  AllocCPUS   NTasks     MinCPU MinCPUTask     AveCPU    Elapsed ExitCode 
------------ ---------- ---------- -------- ---------- ---------- ---------- ---------- -------- 
441693       ALP_simul+          1                                             00:00:16      1:0 
441693.batch      batch          1        1   00:00:05          0   00:00:05   00:00:16      1:0 
441693.exte+     extern          1        1   00:00:00          0   00:00:00   00:00:16      0:0 

Memory usage stats:
JobID            MaxRSS MaxRSSTask     AveRSS MaxPages   MaxPagesTask   AvePages 
------------ ---------- ---------- ---------- -------- -------------- ---------- 
441693                                                                           
441693.batch     23380K          0     23380K        0              0          0 
441693.exte+          0          0          0        0              0          0 

Disk usage stats:
JobID         MaxDiskRead MaxDiskReadTask    AveDiskRead MaxDiskWrite MaxDiskWriteTask   AveDiskWrite 
------------ ------------ --------------- -------------- ------------ ---------------- -------------- 
441693                                                                                                
441693.batch            0               0              0        0.00M                0          0.00M 
441693.exte+        0.01M               0          0.01M        0.00M                0          0.00M 

Job 441693 completed at Fri Mar 1 15:29:25 CET 2024
