Starting job 442402 on c1-28 at Fri Mar 1 22:06:01 CET 2024

Traceback (most recent call last):
  File "/fp/homes01/u01/ec-gertwk/ALPs_with_SWYFT/cluster_runs/analysis_results/first/simulate_batch.py", line 33, in <module>
    sim = ALP_SWYFT_Simulator(A, bounds)
NameError: name 'A' is not defined

Task and CPU usage stats:
JobID           JobName  AllocCPUS   NTasks     MinCPU MinCPUTask     AveCPU    Elapsed ExitCode 
------------ ---------- ---------- -------- ---------- ---------- ---------- ---------- -------- 
442402       ALP_simul+          1                                             00:00:13      1:0 
442402.batch      batch          1        1   00:00:05          0   00:00:05   00:00:13      1:0 
442402.exte+     extern          1        1   00:00:00          0   00:00:00   00:00:13      0:0 

Memory usage stats:
JobID            MaxRSS MaxRSSTask     AveRSS MaxPages   MaxPagesTask   AvePages 
------------ ---------- ---------- ---------- -------- -------------- ---------- 
442402                                                                           
442402.batch     23956K          0     23956K        0              0          0 
442402.exte+          0          0          0        0              0          0 

Disk usage stats:
JobID         MaxDiskRead MaxDiskReadTask    AveDiskRead MaxDiskWrite MaxDiskWriteTask   AveDiskWrite 
------------ ------------ --------------- -------------- ------------ ---------------- -------------- 
442402                                                                                                
442402.batch            0               0              0        0.00M                0          0.00M 
442402.exte+        0.01M               0          0.01M        0.00M                0          0.00M 

Job 442402 completed at Fri Mar 1 22:06:14 CET 2024
