Starting job 442398 on c1-28 at Fri Mar 1 22:01:20 CET 2024

Traceback (most recent call last):
  File "/fp/homes01/u01/ec-gertwk/ALPs_with_SWYFT/cluster_runs/analysis_results/first/simulate_batch.py", line 33, in <module>
    sim = ALP_SWYFT_Simulator(A, bounds)
NameError: name 'A' is not defined

Task and CPU usage stats:
JobID           JobName  AllocCPUS   NTasks     MinCPU MinCPUTask     AveCPU    Elapsed ExitCode 
------------ ---------- ---------- -------- ---------- ---------- ---------- ---------- -------- 
442398       ALP_simul+          1                                             00:00:16      1:0 
442398.batch      batch          1        1   00:00:05          0   00:00:05   00:00:16      1:0 
442398.exte+     extern          1        1   00:00:00          0   00:00:00   00:00:16      0:0 

Memory usage stats:
JobID            MaxRSS MaxRSSTask     AveRSS MaxPages   MaxPagesTask   AvePages 
------------ ---------- ---------- ---------- -------- -------------- ---------- 
442398                                                                           
442398.batch     25748K          0     25748K        0              0          0 
442398.exte+       200K          0       200K        0              0          0 

Disk usage stats:
JobID         MaxDiskRead MaxDiskReadTask    AveDiskRead MaxDiskWrite MaxDiskWriteTask   AveDiskWrite 
------------ ------------ --------------- -------------- ------------ ---------------- -------------- 
442398                                                                                                
442398.batch            0               0              0        0.00M                0          0.00M 
442398.exte+        0.01M               0          0.01M        0.00M                0          0.00M 

Job 442398 completed at Fri Mar 1 22:01:35 CET 2024
