Starting job 442413 on c1-28 at Fri Mar 1 22:26:16 CET 2024


Task and CPU usage stats:
JobID           JobName  AllocCPUS   NTasks     MinCPU MinCPUTask     AveCPU    Elapsed ExitCode 
------------ ---------- ---------- -------- ---------- ---------- ---------- ---------- -------- 
442413       ALP_simul+          1                                             00:00:12      0:0 
442413.batch      batch          1        1   00:00:05          0   00:00:05   00:00:12      0:0 
442413.exte+     extern          1        1   00:00:00          0   00:00:00   00:00:12      0:0 

Memory usage stats:
JobID            MaxRSS MaxRSSTask     AveRSS MaxPages   MaxPagesTask   AvePages 
------------ ---------- ---------- ---------- -------- -------------- ---------- 
442413                                                                           
442413.batch     25800K          0     25800K        0              0          0 
442413.exte+       204K          0       204K        0              0          0 

Disk usage stats:
JobID         MaxDiskRead MaxDiskReadTask    AveDiskRead MaxDiskWrite MaxDiskWriteTask   AveDiskWrite 
------------ ------------ --------------- -------------- ------------ ---------------- -------------- 
442413                                                                                                
442413.batch            0               0              0        0.00M                0          0.00M 
442413.exte+        0.01M               0          0.01M        0.00M                0          0.00M 

Job 442413 completed at Fri Mar 1 22:26:27 CET 2024
