Starting job 442412 on c1-28 at Fri Mar 1 22:26:16 CET 2024


Task and CPU usage stats:
JobID           JobName  AllocCPUS   NTasks     MinCPU MinCPUTask     AveCPU    Elapsed ExitCode 
------------ ---------- ---------- -------- ---------- ---------- ---------- ---------- -------- 
442412       ALP_simul+          1                                             00:00:12      0:0 
442412.batch      batch          1        1   00:00:05          0   00:00:05   00:00:12      0:0 
442412.exte+     extern          1        1   00:00:00          0   00:00:00   00:00:12      0:0 

Memory usage stats:
JobID            MaxRSS MaxRSSTask     AveRSS MaxPages   MaxPagesTask   AvePages 
------------ ---------- ---------- ---------- -------- -------------- ---------- 
442412                                                                           
442412.batch     22328K          0     22328K        0              0          0 
442412.exte+          0          0          0        0              0          0 

Disk usage stats:
JobID         MaxDiskRead MaxDiskReadTask    AveDiskRead MaxDiskWrite MaxDiskWriteTask   AveDiskWrite 
------------ ------------ --------------- -------------- ------------ ---------------- -------------- 
442412                                                                                                
442412.batch            0               0              0        0.00M                0          0.00M 
442412.exte+        0.01M               0          0.01M        0.00M                0          0.00M 

Job 442412 completed at Fri Mar 1 22:26:27 CET 2024
